<?xml version="1.0" encoding="UTF-8"?>
<testng-results ignored="0" total="4" passed="4" failed="0" skipped="0">
  <reporter-output>
  </reporter-output>
  <suite started-at="2023-05-28T17:35:56 IST" name="PetSuite" finished-at="2023-05-28T17:36:13 IST" duration-ms="16880">
    <groups>
    </groups>
    <test started-at="2023-05-28T17:35:56 IST" name="PetTests" finished-at="2023-05-28T17:36:13 IST" duration-ms="16880">
      <class name="api.tests.UserTests2">
        <test-method is-config="true" signature="setup()[pri:0, instance:api.tests.UserTests2@72f926e6]" started-at="2023-05-28T17:35:57 IST" name="setup" finished-at="2023-05-28T17:35:59 IST" duration-ms="2240" status="PASS">
          <reporter-output>
          </reporter-output>
        </test-method> <!-- setup -->
        <test-method signature="testPostUser()[pri:1, instance:api.tests.UserTests2@72f926e6]" started-at="2023-05-28T17:35:59 IST" name="testPostUser" finished-at="2023-05-28T17:36:07 IST" duration-ms="8237" status="PASS">
          <reporter-output>
          </reporter-output>
        </test-method> <!-- testPostUser -->
        <test-method signature="testGetUserByName()[pri:2, instance:api.tests.UserTests2@72f926e6]" started-at="2023-05-28T17:36:07 IST" name="testGetUserByName" finished-at="2023-05-28T17:36:09 IST" duration-ms="1452" status="PASS">
          <reporter-output>
          </reporter-output>
        </test-method> <!-- testGetUserByName -->
        <test-method signature="testUpdateUserByName()[pri:3, instance:api.tests.UserTests2@72f926e6]" started-at="2023-05-28T17:36:09 IST" name="testUpdateUserByName" finished-at="2023-05-28T17:36:12 IST" duration-ms="2693" status="PASS">
          <reporter-output>
          </reporter-output>
        </test-method> <!-- testUpdateUserByName -->
        <test-method signature="testDeleteUserByName()[pri:4, instance:api.tests.UserTests2@72f926e6]" started-at="2023-05-28T17:36:12 IST" name="testDeleteUserByName" finished-at="2023-05-28T17:36:13 IST" duration-ms="1393" status="PASS">
          <reporter-output>
          </reporter-output>
        </test-method> <!-- testDeleteUserByName -->
      </class> <!-- api.tests.UserTests2 -->
    </test> <!-- PetTests -->
  </suite> <!-- PetSuite -->
</testng-results>
