<?xml version="1.0" encoding="UTF-8"?>
<!-- Generated by org.testng.reporters.JUnitXMLReporter -->
<testsuite ignored="0" hostname="DESKTOP-91BCIRH" failures="0" tests="4" name="PetTests" time="16.88" errors="0" timestamp="2023-05-28T17:36:15 IST">
  <testcase classname="api.tests.UserTests2" name="testPostUser" time="8.237"/>
  <testcase classname="api.tests.UserTests2" name="testGetUserByName" time="1.452"/>
  <testcase classname="api.tests.UserTests2" name="testUpdateUserByName" time="2.693"/>
  <testcase classname="api.tests.UserTests2" name="testDeleteUserByName" time="1.393"/>
</testsuite> <!-- PetTests -->
